Arguments: 
  /Users/navishdavedi/.nvm/versions/node/v8.16.0/bin/node /usr/local/Cellar/yarn/1.17.3/libexec/bin/yarn.js init

PATH: 
  /usr/local/opt/php@7.2/sbin:/usr/local/opt/php@7.2/bin:/usr/local/opt/php@7.2/sbin:/usr/local/opt/php@7.2/bin:/Users/navishdavedi/.nvm/versions/node/v8.16.0/bin:/Users/navishdavedi/google-cloud-sdk/bin:/usr/local/bin:/usr/bin:/bin:/usr/sbin:/sbin:/Library/Apple/usr/bin:/Library/Apple/bin:/usr/local/mysql/bin/

Yarn version: 
  1.17.3

Node version: 
  8.16.0

Platform: 
  darwin x64

Trace: 
  Error: canceled
      at Interface.<anonymous> (/usr/local/Cellar/yarn/1.17.3/libexec/lib/cli.js:136724:13)
      at emitNone (events.js:106:13)
      at Interface.emit (events.js:208:7)
      at Interface._ttyWrite (readline.js:774:16)
      at ReadStream.onkeypress (readline.js:158:10)
      at emitTwo (events.js:126:13)
      at ReadStream.emit (events.js:214:7)
      at emitKeys (internal/readline.js:420:14)
      at emitKeys.next (<anonymous>)
      at ReadStream.onData (readline.js:1010:36)

npm manifest: 
  {
    "name": "ssr",
    "version": "1.0.0",
    "main": "index.js",
    "license": "MIT",
    "scripts": {
      "webpack:client": "webpack --config webpack.client.js -w",
      "webpack:server": "webpack --config webpack.server.js -w",
      "webpack:build": "nodemon --watch build --exec node build/bundle.js",
      "dev": "npm-run-all -p webpack:*",
      "build": "webpack --config webpack.client.js && webpack --config webpack.server.js"
    },
    "dependencies": {
      "@ckeditor/ckeditor5-build-decoupled-document": "^15.0.0",
      "@material-ui/core": "^4.5.1",
      "@material-ui/icons": "^4.5.1",
      "axios": "^0.19.0",
      "express": "^4.17.1",
      "material-ui-flat-pagination": "^4.0.0",
      "react": "^16.11.0",
      "react-axios": "^2.0.3",
      "react-dom": "^16.11.0",
      "react-html-parser": "^2.0.2",
      "react-image-fallback": "^8.0.0",
      "react-js-pagination": "^3.0.2",
      "react-loading-skeleton": "^1.2.0",
      "react-media": "^1.10.0",
      "react-quill": "^1.3.3",
      "react-redux": "^7.1.1",
      "react-router-dom": "^5.1.2",
      "react-scripts": "^3.2.0",
      "redux": "^4.0.4"
    },
    "devDependencies": {
      "@babel/cli": "^7.6.4",
      "@babel/core": "^7.6.4",
      "@babel/plugin-proposal-class-properties": "^7.5.5",
      "@babel/polyfill": "^7.6.0",
      "@babel/preset-env": "^7.6.3",
      "@babel/preset-react": "^7.6.3",
      "babel-loader": "^8.0.6",
      "body-parser": "^1.19.0",
      "css-loader": "^3.2.0",
      "extract-loader": "^3.1.0",
      "file-loader": "^4.2.0",
      "node-sass": "^4.13.0",
      "nodemon": "^1.19.4",
      "npm-run-all": "^4.1.5",
      "react-helmet": "^5.2.1",
      "sass-loader": "^8.0.0",
      "webpack": "^4.41.2",
      "webpack-cli": "^3.3.9",
      "webpack-node-externals": "^1.7.2"
    }
  }

yarn manifest: 
  No manifest

Lockfile: 
  No lockfile
